02/21/2019 21:54:36 : Starting...
02/21/2019 21:54:36 : Seeking source directory...
02/21/2019 21:54:36 : Source directory found.
02/21/2019 21:54:36 : Checking if any files in directory have been modified since last version creation...
02/21/2019 21:54:36 : Files in source directory have been modified. Creating new version...
cp: cannot stat '/home/techlab/Comp485/versions/dhcp_versions/version_4/*': No such file or directory
cp: cannot stat '/home/techlab/Comp485/versions/dhcp_versions/version_3/*': No such file or directory
cp: cannot stat '/home/techlab/Comp485/versions/dhcp_versions/version_2/*': No such file or directory
cp: cannot stat '/home/techlab/Comp485/versions/dhcp_versions/version_1/*': No such file or directory
02/21/2019 21:54:36 : New version created!
02/21/2019 21:54:36 : Done.
------------------------------------------------------------
02/21/2019 21:56:50 : Starting...
02/21/2019 21:56:50 : Seeking source directory...
02/21/2019 21:56:50 : Source directory found.
02/21/2019 21:56:50 : Checking if any files in directory have been modified since last version creation...
02/21/2019 21:56:50 : No files in source directory have been modified since last version creation. No new version will be created.
02/21/2019 21:56:50 : Done.
------------------------------------------------------------
02/21/2019 21:57:41 : Starting...
02/21/2019 21:57:41 : Seeking source directory...
02/21/2019 21:57:41 : Source directory found.
02/21/2019 21:57:41 : Checking if any files in directory have been modified since last version creation...
02/21/2019 21:57:41 : No files in source directory have been modified since last version creation. No new version will be created.
02/21/2019 21:57:41 : Done.
------------------------------------------------------------
