03/06/2019 08:51:56 : Starting...
03/06/2019 08:51:56 : Seeking source directory...
03/06/2019 08:51:56 : Source directory found.
03/06/2019 08:51:56 : Checking if any files in directory have been modified since last version creation...
03/06/2019 08:51:56 : Files in source directory have been modified. Creating new version...
cp: cannot stat '/home/techlab/Comp485/versions/dns_versions/version_4/*': No such file or directory
cp: cannot stat '/home/techlab/Comp485/versions/dns_versions/version_3/*': No such file or directory
cp: cannot stat '/home/techlab/Comp485/versions/dns_versions/version_2/*': No such file or directory
cp: cannot stat '/home/techlab/Comp485/versions/dns_versions/version_1/*': No such file or directory
03/06/2019 08:51:56 : New version created!
03/06/2019 08:51:56 : Done.
------------------------------------------------------------
03/06/2019 08:52:16 : Starting...
03/06/2019 08:52:16 : Seeking source directory...
03/06/2019 08:52:16 : Source directory found.
03/06/2019 08:52:16 : Checking if any files in directory have been modified since last version creation...
03/06/2019 08:52:16 : No files in source directory have been modified since last version creation. No new version will be created.
03/06/2019 08:52:16 : Done.
------------------------------------------------------------
03/06/2019 08:54:24 : Starting...
03/06/2019 08:54:24 : Seeking source directory...
03/06/2019 08:54:24 : Source directory found.
03/06/2019 08:54:24 : Checking if any files in directory have been modified since last version creation...
03/06/2019 08:54:24 : No files in source directory have been modified since last version creation. No new version will be created.
03/06/2019 08:54:24 : Done.
------------------------------------------------------------
03/06/2019 08:54:53 : Starting...
03/06/2019 08:54:53 : Seeking source directory...
03/06/2019 08:54:53 : Source directory found.
03/06/2019 08:54:53 : Checking if any files in directory have been modified since last version creation...
03/06/2019 08:54:53 : No files in source directory have been modified since last version creation. No new version will be created.
03/06/2019 08:54:53 : Done.
------------------------------------------------------------
03/06/2019 08:58:46 : Starting...
03/06/2019 08:58:46 : Seeking source directory...
03/06/2019 08:58:46 : Source directory found.
03/06/2019 08:58:46 : Checking if any files in directory have been modified since last version creation...
03/06/2019 08:58:46 : No files in source directory have been modified since last version creation. No new version will be created.
03/06/2019 08:58:46 : Done.
------------------------------------------------------------
03/06/2019 09:08:08 : Starting...
03/06/2019 09:08:08 : Seeking source directory...
03/06/2019 09:08:08 : Source directory found.
03/06/2019 09:08:08 : Checking if any files in directory have been modified since last version creation...
03/06/2019 09:08:08 : No files in source directory have been modified since last version creation. No new version will be created.
03/06/2019 09:08:08 : Done.
------------------------------------------------------------
03/06/2019 09:09:53 : Starting...
03/06/2019 09:09:53 : Seeking source directory...
03/06/2019 09:09:53 : Source directory found.
03/06/2019 09:09:53 : Checking if any files in directory have been modified since last version creation...
03/06/2019 09:09:53 : No files in source directory have been modified since last version creation. No new version will be created.
03/06/2019 09:09:53 : Done.
------------------------------------------------------------
03/06/2019 09:13:05 : Starting...
03/06/2019 09:13:05 : Seeking source directory...
03/06/2019 09:13:05 : Source directory found.
03/06/2019 09:13:05 : Checking if any files in directory have been modified since last version creation...
03/06/2019 09:13:05 : No files in source directory have been modified since last version creation. No new version will be created.
03/06/2019 09:13:05 : Done.
------------------------------------------------------------
