starting push to github...
starting push to github...
starting push to github...
[master 4a98e17] remote commit from 18.04 vm
 Committer: Test <techlab@techlab.csun.edu>
Your name and email address were configured automatically based
on your username and hostname. Please check that they are accurate.
You can suppress this message by setting them explicitly. Run the
following command and follow the instructions in your editor to edit
your configuration file:

    git config --global --edit

After doing this, you may fix the identity used for this commit with:

    git commit --amend --reset-author

 9 files changed, 38 insertions(+), 1 deletion(-)
 create mode 100644 versions/dhcp_versions/version_2/backup_date.log
 create mode 100644 versions/dhcp_versions/version_2/content/test1
 create mode 100644 versions/dhcp_versions/version_2/content/test2
 create mode 100644 versions/dhcp_versions/version_2/content/test3
starting push to github...
starting push to github...
starting push to github...
starting push to github...
starting push to github...
starting push to github...
starting push to github...
starting push to github...
starting push to github...
starting push to github...
starting push to github...
starting push to github...
starting push to github...
starting push to github...
starting push to github...
starting push to github...
starting push to github...
starting push to github...
To github.com:tcallier/Comp485.git
   41ac66e..2bc41a0  HEAD -> master
starting push to github...
To github.com:tcallier/Comp485.git
   2bc41a0..a6158a0  HEAD -> master
starting push to github...
To github.com:tcallier/Comp485.git
   a6158a0..d27af31  HEAD -> master
