02/21/2019 21:54:36 : Starting...
02/21/2019 21:54:36 : Seeking source directory...
02/21/2019 21:54:36 : Source directory found.
02/21/2019 21:54:36 : Checking if any files in directory have been modified sicne last version creation...
02/21/2019 21:54:36 : Files in source directory have been modified. Creating new version.
cp: cannot stat '/home/techlab/Comp485/versions/firewall_versions/version_4/*': No such file or directory
cp: cannot stat '/home/techlab/Comp485/versions/firewall_versions/version_3/*': No such file or directory
cp: cannot stat '/home/techlab/Comp485/versions/firewall_versions/version_2/*': No such file or directory
cp: cannot stat '/home/techlab/Comp485/versions/firewall_versions/version_1/*': No such file or directory
02/21/2019 21:54:36 : New version created!
02/21/2019 21:54:36 : Done.
------------------------------------------------------------
02/21/2019 21:56:50 : Starting...
02/21/2019 21:56:50 : Seeking source directory...
02/21/2019 21:56:50 : Source directory found.
02/21/2019 21:56:50 : Checking if any files in directory have been modified sicne last version creation...
02/21/2019 21:56:50 : No files in source directory have been modified since last version creation. No new version will be created.
02/21/2019 21:56:50 : Done.
------------------------------------------------------------
02/21/2019 21:57:41 : Starting...
02/21/2019 21:57:41 : Seeking source directory...
02/21/2019 21:57:41 : Source directory found.
02/21/2019 21:57:41 : Checking if any files in directory have been modified sicne last version creation...
02/21/2019 21:57:41 : No files in source directory have been modified since last version creation. No new version will be created.
02/21/2019 21:57:41 : Done.
------------------------------------------------------------
02/21/2019 22:01:45 : Starting...
02/21/2019 22:01:45 : Seeking source directory...
02/21/2019 22:01:45 : Source directory found.
02/21/2019 22:01:45 : Checking if any files in directory have been modified sicne last version creation...
02/21/2019 22:01:45 : Files in source directory have been modified. Creating new version.
cp: cannot stat '/home/techlab/Comp485/versions/firewall_versions/version_4/*': No such file or directory
cp: cannot stat '/home/techlab/Comp485/versions/firewall_versions/version_3/*': No such file or directory
cp: cannot stat '/home/techlab/Comp485/versions/firewall_versions/version_2/*': No such file or directory
02/21/2019 22:01:45 : New version created!
02/21/2019 22:01:45 : Done.
------------------------------------------------------------
02/21/2019 22:10:01 : Starting...
02/21/2019 22:10:01 : Seeking source directory...
02/21/2019 22:10:01 : Source directory found.
02/21/2019 22:10:01 : Checking if any files in directory have been modified sicne last version creation...
02/21/2019 22:10:01 : Files in source directory have been modified. Creating new version.
cp: cannot stat '/home/techlab/Comp485/versions/firewall_versions/version_4/*': No such file or directory
cp: cannot stat '/home/techlab/Comp485/versions/firewall_versions/version_3/*': No such file or directory
02/21/2019 22:10:01 : New version created!
02/21/2019 22:10:01 : Done.
------------------------------------------------------------
02/21/2019 22:12:25 : Starting...
02/21/2019 22:12:25 : Seeking source directory...
02/21/2019 22:12:25 : Source directory found.
02/21/2019 22:12:25 : Checking if any files in directory have been modified sicne last version creation...
02/21/2019 22:12:25 : No files in source directory have been modified since last version creation. No new version will be created.
02/21/2019 22:12:25 : Done.
------------------------------------------------------------
02/21/2019 22:15:27 : Starting...
02/21/2019 22:15:27 : Seeking source directory...
02/21/2019 22:15:27 : Source directory found.
02/21/2019 22:15:27 : Checking if any files in directory have been modified sicne last version creation...
02/21/2019 22:15:27 : No files in source directory have been modified since last version creation. No new version will be created.
02/21/2019 22:15:27 : Done.
------------------------------------------------------------
02/22/2019 09:14:16 : Starting...
02/22/2019 09:14:16 : Seeking source directory...
02/22/2019 09:14:16 : Source directory found.
02/22/2019 09:14:16 : Checking if any files in directory have been modified sicne last version creation...
02/22/2019 09:14:16 : No files in source directory have been modified since last version creation. No new version will be created.
02/22/2019 09:14:16 : Done.
------------------------------------------------------------
02/22/2019 09:15:35 : Starting...
02/22/2019 09:15:35 : Seeking source directory...
02/22/2019 09:15:35 : Source directory found.
02/22/2019 09:15:35 : Checking if any files in directory have been modified sicne last version creation...
02/22/2019 09:15:35 : No files in source directory have been modified since last version creation. No new version will be created.
02/22/2019 09:15:35 : Done.
------------------------------------------------------------
02/22/2019 09:16:01 : Starting...
02/22/2019 09:16:01 : Seeking source directory...
02/22/2019 09:16:01 : Source directory found.
02/22/2019 09:16:01 : Checking if any files in directory have been modified sicne last version creation...
02/22/2019 09:16:01 : No files in source directory have been modified since last version creation. No new version will be created.
02/22/2019 09:16:01 : Done.
------------------------------------------------------------
02/22/2019 09:16:27 : Starting...
02/22/2019 09:16:27 : Seeking source directory...
02/22/2019 09:16:27 : Source directory found.
02/22/2019 09:16:27 : Checking if any files in directory have been modified sicne last version creation...
02/22/2019 09:16:27 : No files in source directory have been modified since last version creation. No new version will be created.
02/22/2019 09:16:27 : Done.
------------------------------------------------------------
02/22/2019 09:17:29 : Starting...
02/22/2019 09:17:29 : Seeking source directory...
02/22/2019 09:17:29 : Source directory found.
02/22/2019 09:17:29 : Checking if any files in directory have been modified sicne last version creation...
02/22/2019 09:17:29 : No files in source directory have been modified since last version creation. No new version will be created.
02/22/2019 09:17:29 : Done.
------------------------------------------------------------
02/22/2019 09:18:06 : Starting...
02/22/2019 09:18:06 : Seeking source directory...
02/22/2019 09:18:06 : Source directory found.
02/22/2019 09:18:06 : Checking if any files in directory have been modified sicne last version creation...
02/22/2019 09:18:06 : No files in source directory have been modified since last version creation. No new version will be created.
02/22/2019 09:18:06 : Done.
------------------------------------------------------------
02/22/2019 09:18:09 : Starting...
02/22/2019 09:18:09 : Seeking source directory...
02/22/2019 09:18:09 : Source directory found.
02/22/2019 09:18:09 : Checking if any files in directory have been modified sicne last version creation...
02/22/2019 09:18:09 : No files in source directory have been modified since last version creation. No new version will be created.
02/22/2019 09:18:09 : Done.
------------------------------------------------------------
02/22/2019 09:18:22 : Starting...
02/22/2019 09:18:22 : Seeking source directory...
02/22/2019 09:18:22 : Source directory found.
02/22/2019 09:18:22 : Checking if any files in directory have been modified sicne last version creation...
02/22/2019 09:18:22 : No files in source directory have been modified since last version creation. No new version will be created.
02/22/2019 09:18:22 : Done.
------------------------------------------------------------
02/22/2019 09:19:31 : Starting...
02/22/2019 09:19:31 : Seeking source directory...
02/22/2019 09:19:31 : Source directory found.
02/22/2019 09:19:31 : Checking if any files in directory have been modified sicne last version creation...
02/22/2019 09:19:31 : No files in source directory have been modified since last version creation. No new version will be created.
02/22/2019 09:19:31 : Done.
------------------------------------------------------------
02/22/2019 09:21:00 : Starting...
02/22/2019 09:21:00 : Seeking source directory...
02/22/2019 09:21:00 : Source directory found.
02/22/2019 09:21:00 : Checking if any files in directory have been modified sicne last version creation...
02/22/2019 09:21:00 : No files in source directory have been modified since last version creation. No new version will be created.
02/22/2019 09:21:00 : Done.
------------------------------------------------------------
02/22/2019 09:21:44 : Starting...
02/22/2019 09:21:44 : Seeking source directory...
02/22/2019 09:21:44 : Source directory found.
02/22/2019 09:21:44 : Checking if any files in directory have been modified sicne last version creation...
02/22/2019 09:21:44 : No files in source directory have been modified since last version creation. No new version will be created.
02/22/2019 09:21:44 : Done.
------------------------------------------------------------
02/22/2019 09:22:42 : Starting...
02/22/2019 09:22:42 : Seeking source directory...
02/22/2019 09:22:42 : Source directory found.
02/22/2019 09:22:42 : Checking if any files in directory have been modified sicne last version creation...
02/22/2019 09:22:42 : No files in source directory have been modified since last version creation. No new version will be created.
02/22/2019 09:22:42 : Done.
------------------------------------------------------------
02/22/2019 09:24:19 : Starting...
02/22/2019 09:24:19 : Seeking source directory...
02/22/2019 09:24:19 : Source directory found.
02/22/2019 09:24:19 : Checking if any files in directory have been modified sicne last version creation...
02/22/2019 09:24:19 : No files in source directory have been modified since last version creation. No new version will be created.
02/22/2019 09:24:19 : Done.
------------------------------------------------------------
02/22/2019 09:25:29 : Starting...
02/22/2019 09:25:29 : Seeking source directory...
02/22/2019 09:25:29 : Source directory found.
02/22/2019 09:25:29 : Checking if any files in directory have been modified sicne last version creation...
02/22/2019 09:25:29 : No files in source directory have been modified since last version creation. No new version will be created.
02/22/2019 09:25:29 : Done.
------------------------------------------------------------
02/22/2019 18:55:33 : Starting...
02/22/2019 18:55:33 : Seeking source directory...
02/22/2019 18:55:33 : Source directory found.
02/22/2019 18:55:33 : Checking if any files in directory have been modified sicne last version creation...
02/22/2019 18:55:33 : No files in source directory have been modified since last version creation. No new version will be created.
02/22/2019 18:55:33 : Done.
------------------------------------------------------------
