02/19/2019 12:46:46 : Starting...
02/19/2019 12:46:46 : Seeking source directory...
02/19/2019 12:46:46 : Source directory found.
02/19/2019 12:46:46 : Checking if any files in directory have been modified since last version creation...
02/19/2019 12:46:46 : Files in source directory have been modified. Creating new version...
cp: cannot stat '/home/techlab/dns_versions/version_4/*': No such file or directory
cp: cannot stat '/home/techlab/dns_versions/version_3/*': No such file or directory
cp: cannot stat '/home/techlab/dns_versions/version_2/*': No such file or directory
cp: cannot stat '/home/techlab/dns_versions/version_1/*': No such file or directory
02/19/2019 12:46:46 : Done.
----------------------------------------
02/19/2019 12:50:21 : Starting...
02/19/2019 12:50:21 : Seeking source directory...
02/19/2019 12:50:21 : Source directory found.
02/19/2019 12:50:21 : Checking if any files in directory have been modified since last version creation...
02/19/2019 12:50:21 : No files in source directory have been modified since last version creation. No new version will be created.
02/19/2019 12:50:21 : Done.
----------------------------------------
02/19/2019 12:55:24 : Starting...
02/19/2019 12:55:24 : Seeking source directory...
02/19/2019 12:55:24 : Source directory found.
02/19/2019 12:55:24 : Checking if any files in directory have been modified since last version creation...
02/19/2019 12:55:24 : No files in source directory have been modified since last version creation. No new version will be created.
02/19/2019 12:55:24 : Done.
----------------------------------------
02/19/2019 22:47:45 : Starting...
02/19/2019 22:47:45 : Seeking source directory...
02/19/2019 22:47:45 : Source directory found.
02/19/2019 22:47:45 : Checking if any files in directory have been modified since last version creation...
02/19/2019 22:47:45 : No files in source directory have been modified since last version creation. No new version will be created.
02/19/2019 22:47:45 : Done.
------------------------------------------------------------
02/21/2019 21:29:18 : Starting...
02/21/2019 21:29:18 : Seeking source directory...
02/21/2019 21:29:18 : Source directory found.
02/21/2019 21:29:18 : Checking if any files in directory have been modified since last version creation...
02/21/2019 21:29:18 : No files in source directory have been modified since last version creation. No new version will be created.
02/21/2019 21:29:18 : Done.
------------------------------------------------------------
02/21/2019 21:41:37 : Starting...
02/21/2019 21:41:37 : Seeking source directory...
02/21/2019 21:41:37 : Source directory found.
02/21/2019 21:41:37 : Checking if any files in directory have been modified since last version creation...
02/21/2019 21:41:37 : No files in source directory have been modified since last version creation. No new version will be created.
02/21/2019 21:41:37 : Done.
------------------------------------------------------------
02/21/2019 21:43:02 : Starting...
02/21/2019 21:43:02 : Seeking source directory...
02/21/2019 21:43:02 : Source directory found.
02/21/2019 21:43:02 : Checking if any files in directory have been modified since last version creation...
02/21/2019 21:43:02 : No files in source directory have been modified since last version creation. No new version will be created.
02/21/2019 21:43:02 : Done.
------------------------------------------------------------
